已經開始建置於 2014/3/9 下午 09:36:54。
     1>節點 2 (build 目標) 上的專案 "D:\C++\Console\Console\Console.vcxproj"。
     1>InitializeBuildStatus:
         正在變更時間戳記 "Debug\Console.unsuccessfulbuild"。
       ClCompile:
         所有輸出都是最新的。
         C:\Program Files (x86)\Microsoft Visual Studio 10.0\VC\bin\CL.exe /c /ZI /nologo /W3 /WX- /Od /Oy- /D WIN32 /D _DEBUG /D _CONSOLE /D _UNICODE /D UNICODE /Gm /EHsc /RTC1 /MDd /GS /fp:precise /Zc:wchar_t /Zc:forScope /Yu"StdAfx.h" /Fp"Debug\Console.pch" /Fo"Debug\\" /Fd"Debug\vc100.pdb" /Gd /TP /analyze- /errorReport:prompt Console.cpp
         Console.cpp
       ManifestResourceCompile:
         所有輸出都是最新的。
       Link:
         C:\Program Files (x86)\Microsoft Visual Studio 10.0\VC\bin\link.exe /ERRORREPORT:PROMPT /OUT:"D:\C++\Console\Debug\Console.exe" /INCREMENTAL /NOLOGO kernel32.lib user32.lib gdi32.lib winspool.lib comdlg32.lib advapi32.lib shell32.lib ole32.lib oleaut32.lib uuid.lib odbc32.lib odbccp32.lib /MANIFEST /ManifestFile:"Debug\Console.exe.intermediate.manifest" /MANIFESTUAC:"level='asInvoker' uiAccess='false'" /DEBUG /PDB:"D:\C++\Console\Debug\Console.pdb" /SUBSYSTEM:CONSOLE /TLBID:1 /DYNAMICBASE /NXCOMPAT /IMPLIB:"D:\C++\Console\Debug\Console.lib" /MACHINE:X86 Debug\Console.exe.embed.manifest.res
         Debug\Console.obj
         Debug\stdafx.obj
       Manifest:
         C:\Program Files (x86)\Microsoft SDKs\Windows\v7.0A\bin\mt.exe /nologo /verbose /out:"Debug\Console.exe.embed.manifest" /manifest Debug\Console.exe.intermediate.manifest
         所有輸出都是最新的。
       LinkEmbedManifest:
         所有輸出都是最新的。
         Console.vcxproj -> D:\C++\Console\Debug\Console.exe
       FinalizeBuildStatus:
         正在刪除檔案 "Debug\Console.unsuccessfulbuild"。
         正在變更時間戳記 "Debug\Console.lastbuildstate"。
     1>專案 "D:\C++\Console\Console\Console.vcxproj" (build 目標) 建置完成。

建置成功。

經過時間 00:00:00.66
