已經開始建置於 2014/6/12 下午 09:52:58。
     1>節點 2 (build 目標) 上的專案 "D:\programs\C++\FormEx\FormEx\FormEx.vcxproj"。
     1>InitializeBuildStatus:
         由於指定了 "AlwaysCreate"，因此正在建立 "Debug\FormEx.unsuccessfulbuild"。
       ClCompile:
         所有輸出都是最新的。
         C:\Program Files (x86)\Microsoft Visual Studio 10.0\VC\bin\CL.exe /c /Zi /nologo /W3 /WX- /Od /Oy- /D WIN32 /D _DEBUG /D _WINDOWS /D _UNICODE /D UNICODE /Gm /EHsc /RTC1 /MDd /GS /fp:precise /Zc:wchar_t /Zc:forScope /Yu"StdAfx.h" /Fp"Debug\FormEx.pch" /Fo"Debug\\" /Fd"Debug\vc100.pdb" /Gd /TP /analyze- /errorReport:prompt FormEx.cpp
         FormEx.cpp
         所有輸出都是最新的。
       ResourceCompile:
         所有輸出都是最新的。
       ManifestResourceCompile:
         所有輸出都是最新的。
       Link:
         C:\Program Files (x86)\Microsoft Visual Studio 10.0\VC\bin\link.exe /ERRORREPORT:PROMPT /OUT:"D:\programs\C++\FormEx\Debug\FormEx.exe" /INCREMENTAL /NOLOGO kernel32.lib user32.lib gdi32.lib winspool.lib comdlg32.lib advapi32.lib shell32.lib ole32.lib oleaut32.lib uuid.lib odbc32.lib odbccp32.lib /MANIFEST /ManifestFile:"Debug\FormEx.exe.intermediate.manifest" /MANIFESTUAC:"level='asInvoker' uiAccess='false'" /DEBUG /PDB:"D:\programs\C++\FormEx\Debug\FormEx.pdb" /SUBSYSTEM:WINDOWS /TLBID:1 /DYNAMICBASE /NXCOMPAT /IMPLIB:"D:\programs\C++\FormEx\Debug\FormEx.lib" /MACHINE:X86 Debug\FormEx.res
         Debug\FormEx.exe.embed.manifest.res
         Debug\FormEx.obj
         Debug\regularForm.obj
         Debug\stdafx.obj
       Manifest:
         C:\Program Files (x86)\Microsoft SDKs\Windows\v7.0A\bin\mt.exe /nologo /verbose /out:"Debug\FormEx.exe.embed.manifest" /manifest Debug\FormEx.exe.intermediate.manifest
         所有輸出都是最新的。
       LinkEmbedManifest:
         所有輸出都是最新的。
         FormEx.vcxproj -> D:\programs\C++\FormEx\Debug\FormEx.exe
       FinalizeBuildStatus:
         正在刪除檔案 "Debug\FormEx.unsuccessfulbuild"。
         正在變更時間戳記 "Debug\FormEx.lastbuildstate"。
     1>專案 "D:\programs\C++\FormEx\FormEx\FormEx.vcxproj" (build 目標) 建置完成。

建置成功。

經過時間 00:00:00.54
