已經開始建置於 2014/4/17 下午 09:21:08。
     1>節點 2 (build 目標) 上的專案 "D:\0Prog\programs\C++\FasterDDoS\FasterDDoS\FasterDDoS.vcxproj"。
     1>PrepareForBuild:
         正在建立目錄 "D:\0Prog\programs\C++\FasterDDoS\Debug\"。
       InitializeBuildStatus:
         由於指定了 "AlwaysCreate"，因此正在建立 "Debug\FasterDDoS.unsuccessfulbuild"。
       ClCompile:
         C:\Program Files (x86)\Microsoft Visual Studio 10.0\VC\bin\CL.exe /c /ZI /nologo /W3 /WX- /Od /Oy- /D WIN32 /D _DEBUG /D _WINDOWS /D _UNICODE /D UNICODE /D _ATL_STATIC_REGISTRY /Gm /EHsc /RTC1 /MDd /GS /fp:precise /Zc:wchar_t /Zc:forScope /Yc"StdAfx.h" /Fp"Debug\FasterDDoS.pch" /Fo"Debug\\" /Fd"Debug\vc100.pdb" /Gd /TP /analyze- /errorReport:prompt stdafx.cpp
         stdafx.cpp
         C:\Program Files (x86)\Microsoft Visual Studio 10.0\VC\bin\CL.exe /c /ZI /nologo /W3 /WX- /Od /Oy- /D WIN32 /D _DEBUG /D _WINDOWS /D _UNICODE /D UNICODE /D _ATL_STATIC_REGISTRY /Gm /EHsc /RTC1 /MDd /GS /fp:precise /Zc:wchar_t /Zc:forScope /Yu"StdAfx.h" /Fp"Debug\FasterDDoS.pch" /Fo"Debug\\" /Fd"Debug\vc100.pdb" /Gd /TP /analyze- /errorReport:prompt FasterDDoS.cpp
         FasterDDoS.cpp
       ResourceCompile:
         C:\Program Files (x86)\Microsoft SDKs\Windows\v7.0A\bin\rc.exe /D _UNICODE /D UNICODE /l"0x0409" /nologo /fo"Debug\FasterDDoS.res" FasterDDoS.rc 
       ManifestResourceCompile:
         C:\Program Files (x86)\Microsoft SDKs\Windows\v7.0A\bin\rc.exe /nologo /fo"Debug\FasterDDoS.exe.embed.manifest.res" Debug\FasterDDoS_manifest.rc 
       Link:
         C:\Program Files (x86)\Microsoft Visual Studio 10.0\VC\bin\link.exe /ERRORREPORT:PROMPT /OUT:"D:\0Prog\programs\C++\FasterDDoS\Debug\FasterDDoS.exe" /INCREMENTAL /NOLOGO kernel32.lib user32.lib gdi32.lib winspool.lib comdlg32.lib advapi32.lib shell32.lib ole32.lib oleaut32.lib uuid.lib odbc32.lib odbccp32.lib /MANIFEST /ManifestFile:"Debug\FasterDDoS.exe.intermediate.manifest" /MANIFESTUAC:"level='asInvoker' uiAccess='false'" /DEBUG /PDB:"D:\0Prog\programs\C++\FasterDDoS\Debug\FasterDDoS.pdb" /SUBSYSTEM:WINDOWS /TLBID:1 /DYNAMICBASE /NXCOMPAT /IMPLIB:"D:\0Prog\programs\C++\FasterDDoS\Debug\FasterDDoS.lib" /MACHINE:X86 Debug\FasterDDoS.res
         Debug\FasterDDoS.exe.embed.manifest.res
         Debug\FasterDDoS.obj
         Debug\stdafx.obj
       Manifest:
         C:\Program Files (x86)\Microsoft SDKs\Windows\v7.0A\bin\mt.exe /nologo /verbose /out:"Debug\FasterDDoS.exe.embed.manifest" /manifest Debug\FasterDDoS.exe.intermediate.manifest
         C:\Program Files (x86)\Microsoft SDKs\Windows\v7.0A\bin\rc.exe /nologo /fo"Debug\FasterDDoS.exe.embed.manifest.res" Debug\FasterDDoS_manifest.rc 
       LinkEmbedManifest:
         C:\Program Files (x86)\Microsoft Visual Studio 10.0\VC\bin\link.exe /ERRORREPORT:PROMPT /OUT:"D:\0Prog\programs\C++\FasterDDoS\Debug\FasterDDoS.exe" /INCREMENTAL /NOLOGO kernel32.lib user32.lib gdi32.lib winspool.lib comdlg32.lib advapi32.lib shell32.lib ole32.lib oleaut32.lib uuid.lib odbc32.lib odbccp32.lib /MANIFEST /ManifestFile:"Debug\FasterDDoS.exe.intermediate.manifest" /MANIFESTUAC:"level='asInvoker' uiAccess='false'" /DEBUG /PDB:"D:\0Prog\programs\C++\FasterDDoS\Debug\FasterDDoS.pdb" /SUBSYSTEM:WINDOWS /TLBID:1 /DYNAMICBASE /NXCOMPAT /IMPLIB:"D:\0Prog\programs\C++\FasterDDoS\Debug\FasterDDoS.lib" /MACHINE:X86 Debug\FasterDDoS.res
         Debug\FasterDDoS.exe.embed.manifest.res
         Debug\FasterDDoS.obj
         Debug\stdafx.obj
         FasterDDoS.vcxproj -> D:\0Prog\programs\C++\FasterDDoS\Debug\FasterDDoS.exe
       FinalizeBuildStatus:
         正在刪除檔案 "Debug\FasterDDoS.unsuccessfulbuild"。
         正在變更時間戳記 "Debug\FasterDDoS.lastbuildstate"。
     1>專案 "D:\0Prog\programs\C++\FasterDDoS\FasterDDoS\FasterDDoS.vcxproj" (build 目標) 建置完成。

建置成功。

經過時間 00:00:11.85
