已經開始建置於 2014/6/23 下午 02:17:30。
     1>節點 2 (build 目標) 上的專案 "D:\programs\C++\洛克人系列\洛克人\洛克人\洛克人.vcxproj"。
     1>InitializeBuildStatus:
         由於指定了 "AlwaysCreate"，因此正在建立 "Debug\洛克人.unsuccessfulbuild"。
       GenerateTargetFrameworkMonikerAttribute:
       將略過目標 "GenerateTargetFrameworkMonikerAttribute"，因為所有輸出檔對於其輸入檔而言都已更新。
       ClCompile:
         所有輸出都是最新的。
         C:\Program Files (x86)\Microsoft Visual Studio 10.0\VC\bin\CL.exe /c /AI"C:\Program Files (x86)\Reference Assemblies\Microsoft\Framework\.NETFramework\v4.0" /Zi /clr:pure /nologo /W3 /WX- /Od /Oy- /D WIN32 /D _DEBUG /D _UNICODE /D UNICODE /EHa /MDd /GS /fp:precise /Zc:wchar_t /Zc:forScope /Yu"StdAfx.h" /Fp"Debug\洛克人.pch" /Fo"Debug\\" /Fd"Debug\vc100.pdb" /TP /FU"C:\Program Files (x86)\Reference Assemblies\Microsoft\Framework\.NETFramework\v4.0\System.Core.dll" /FU"C:\Program Files (x86)\Reference Assemblies\Microsoft\Framework\.NETFramework\v4.0\System.Data.dll" /FU"C:\Program Files (x86)\Reference Assemblies\Microsoft\Framework\.NETFramework\v4.0\System.dll" /FU"C:\Program Files (x86)\Reference Assemblies\Microsoft\Framework\.NETFramework\v4.0\System.Drawing.dll" /FU"C:\Program Files (x86)\Reference Assemblies\Microsoft\Framework\.NETFramework\v4.0\System.Windows.Forms.dll" /FU"C:\Program Files (x86)\Reference Assemblies\Microsoft\Framework\.NETFramework\v4.0\System.Xml.dll" /analyze- /errorReport:prompt "洛克人.cpp" /clr:nostdlib 
         洛克人.cpp
     1>d:\programs\c++\洛克人系列\洛克人\洛克人\Form1.h(11): warning C4067: 未預期的語彙基元，接著前置處理器指示詞 - 必須是新行
         所有輸出都是最新的。
       CoreResGen:
         "C:\Program Files (x86)\Microsoft SDKs\Windows\v7.0A\bin\NETFX 4.0 Tools\resgen.exe" /useSourcePath /r:"C:\Program Files (x86)\Reference Assemblies\Microsoft\Framework\.NETFramework\v4.0\System.Core.dll" /r:"C:\Program Files (x86)\Reference Assemblies\Microsoft\Framework\.NETFramework\v4.0\System.Data.dll" /r:"C:\Program Files (x86)\Reference Assemblies\Microsoft\Framework\.NETFramework\v4.0\System.dll" /r:"C:\Program Files (x86)\Reference Assemblies\Microsoft\Framework\.NETFramework\v4.0\System.Drawing.dll" /r:"C:\Program Files (x86)\Reference Assemblies\Microsoft\Framework\.NETFramework\v4.0\System.Windows.Forms.dll" /r:"C:\Program Files (x86)\Reference Assemblies\Microsoft\Framework\.NETFramework\v4.0\System.Xml.dll" /compile Form1.resX,"Debug\洛克人.Form1.resources"
         正在處理資源檔 "Form1.resX" 至 "Debug\洛克人.Form1.resources"。
       ResourceCompile:
         所有輸出都是最新的。
       Link:
         C:\Program Files (x86)\Microsoft Visual Studio 10.0\VC\bin\link.exe /ERRORREPORT:PROMPT /OUT:"D:\programs\C++\洛克人系列\洛克人\Debug\洛克人.exe" /INCREMENTAL /NOLOGO /ASSEMBLYRESOURCE:"Debug\洛克人.Form1.resources" /MANIFEST /ManifestFile:"Debug\洛克人.exe.intermediate.manifest" /MANIFESTUAC:"level='asInvoker' uiAccess='false'" /DEBUG /PDB:"D:\programs\C++\洛克人系列\洛克人\Debug\洛克人.pdb" /ASSEMBLYDEBUG /SUBSYSTEM:WINDOWS /TLBID:1 /ENTRY:"main" /DYNAMICBASE /FIXED:NO /NXCOMPAT /MACHINE:X86 Debug\app.res
         Debug\AssemblyInfo.obj
         Debug\stdafx.obj
         "Debug\洛克人.obj"
         "Debug\.NETFramework,Version=v4.0.AssemblyAttributes.obj"
         洛克人.vcxproj -> D:\programs\C++\洛克人系列\洛克人\Debug\洛克人.exe
       Manifest:
         C:\Program Files (x86)\Microsoft SDKs\Windows\v7.0A\bin\mt.exe /nologo /verbose /outputresource:"D:\programs\C++\洛克人系列\洛克人\Debug\洛克人.exe;#1" /manifest "Debug\洛克人.exe.intermediate.manifest"
       FinalizeBuildStatus:
         正在刪除檔案 "Debug\洛克人.unsuccessfulbuild"。
         正在變更時間戳記 "Debug\洛克人.lastbuildstate"。
     1>專案 "D:\programs\C++\洛克人系列\洛克人\洛克人\洛克人.vcxproj" (build 目標) 建置完成。

建置成功。

經過時間 00:00:09.07
